<?xml version="1.0" encoding="UTF-8"?>
<!-- Generated by org.testng.reporters.JUnitReportReporter -->
<testsuite hostname="LAPTOP-LA6NMLRJ" failures="0" tests="2" name="Practice.test2" time="87.985" errors="0" timestamp="2020-10-16T20:19:28 IST" skipped="0">
  <testcase classname="Practice.test2" name="test1" time="48.026"/>
  <system-out/>
  <testcase classname="Practice.test2" name="test1" time="39.959"/>
  <system-out/>
</testsuite> <!-- Practice.test2 -->
